<?xml version="1.0" encoding="UTF-8"?>
<!-- Generated by org.testng.reporters.JUnitReportReporter -->
<testsuite hostname="tenet" failures="0" tests="1" name="test.Selenium" time="7.768" errors="0" timestamp="5 Mar 2021 14:56:53 GMT">
  <testcase classname="test.Selenium" name="test" time="7.768"/>
</testsuite> <!-- test.Selenium -->
