<?xml version="1.0" encoding="UTF-8"?>
<!-- Generated by org.testng.reporters.JUnitReportReporter -->
<testsuite hostname="tenet" failures="0" tests="1" name="test.Selenium" time="10.570" errors="0" timestamp="2021-03-04T23:15:16 IST" skipped="0">
  <testcase classname="test.Selenium" name="test" time="10.570"/>
  <system-out/>
</testsuite> <!-- test.Selenium -->
