<?xml version="1.0" encoding="UTF-8"?>
<!-- Generated by org.testng.reporters.JUnitReportReporter -->
<testsuite hostname="tenet" name="test.Selenium" tests="1" failures="0" timestamp="5 Mar 2021 18:10:16 GMT" time="5.497" errors="0">
  <testcase name="test" time="5.497" classname="test.Selenium"/>
</testsuite> <!-- test.Selenium -->
