<?xml version="1.0" encoding="UTF-8"?>
<!-- Generated by org.testng.reporters.JUnitReportReporter -->
<testsuite hostname="tenet" name="test.Selenium" tests="1" failures="0" timestamp="5 Mar 2021 16:37:35 GMT" time="9.340" errors="0">
  <testcase name="test" time="9.340" classname="test.Selenium"/>
</testsuite> <!-- test.Selenium -->
